<?xml version="1.0" encoding="UTF-8"?>
<testsuite xmlns:xsi="http://www.w3.org/2001/XMLSchema-instance" xsi:noNamespaceSchemaLocation="https://maven.apache.org/surefire/maven-surefire-plugin/xsd/surefire-test-report-3.0.xsd" version="3.0" name="com.chandu.product_service.ProductServiceApplicationTests" time="12.66" tests="1" errors="0" skipped="0" failures="1">
  <properties>
[...]
</properties>
  <testcase name="showCreateProduct" classname="com.chandu.product_service.ProductServiceApplicationTests" time="1.536">
    <failure message="Status expected:&lt;201&gt; but was:&lt;200&gt;" type="java.lang.AssertionError"><![CDATA[java.lang.AssertionError: Status expected:<201> but was:<200>
	at org.springframework.test.util.AssertionErrors.fail(AssertionErrors.java:59)
	at org.springframework.test.util.AssertionErrors.assertEquals(AssertionErrors.java:122)
	at org.springframework.test.web.servlet.result.StatusResultMatchers.lambda$matcher$9(StatusResultMatchers.java:637)
	at org.springframework.test.web.servlet.MockMvc$1.andExpect(MockMvc.java:214)
	at com.chandu.product_service.ProductServiceApplicationTests.showCreateProduct(ProductServiceApplicationTests.java:49)
	at java.base/java.lang.reflect.Method.invoke(Method.java:568)
	at java.base/java.util.ArrayList.forEach(ArrayList.java:1511)
	at java.base/java.util.ArrayList.forEach(ArrayList.java:1511)
]]></failure>
    <system-out><![CDATA[20:31:22.079 [main] INFO org.springframework.test.context.support.AnnotationConfigContextLoaderUtils -- Could not detect default configuration classes for test class [com.chandu.product_service.ProductServiceApplicationTests]: ProductServiceApplicationTests does not declare any static, non-private, non-final, nested classes annotated with @Configuration.
20:31:22.248 [main] INFO org.springframework.boot.test.context.SpringBootTestContextBootstrapper -- Found @SpringBootConfiguration com.chandu.product_service.ProductServiceApplication for test class com.chandu.product_service.ProductServiceApplicationTests
20:31:22.480 [main] INFO org.testcontainers.images.PullPolicy -- Image pull policy will be performed by: DefaultPullPolicy()
20:31:22.485 [main] INFO org.testcontainers.utility.ImageNameSubstitutor -- Image name substitution will be performed by: DefaultImageNameSubstitutor (composite of 'ConfigurationFileImageNameSubstitutor' and 'PrefixingImageNameSubstitutor')
20:31:22.600 [main] INFO org.testcontainers.DockerClientFactory -- Testcontainers version: 1.20.3
20:31:22.903 [main] INFO org.testcontainers.dockerclient.DockerClientProviderStrategy -- Loaded org.testcontainers.dockerclient.NpipeSocketClientProviderStrategy from ~/.testcontainers.properties, will try it first
20:31:23.478 [main] INFO org.testcontainers.dockerclient.DockerClientProviderStrategy -- Found Docker environment with local Npipe socket (npipe:////./pipe/docker_engine)
20:31:23.480 [main] INFO org.testcontainers.DockerClientFactory -- Docker host IP address is localhost
20:31:23.526 [main] INFO org.testcontainers.DockerClientFactory -- Connected to docker: 
  Server Version: 26.1.1
  API Version: 1.45
  Operating System: Docker Desktop
  Total Memory: 2905 MB
  Labels: 
    com.docker.desktop.address=npipe://\\.\pipe\docker_cli
20:31:23.590 [main] INFO tc.testcontainers/ryuk:0.9.0 -- Creating container for image: testcontainers/ryuk:0.9.0
20:31:24.211 [main] INFO org.testcontainers.utility.RegistryAuthLocator -- Failure when attempting to lookup auth config. Please ignore if you don't have images in an authenticated registry. Details: (dockerImageName: testcontainers/ryuk:0.9.0, configFile: C:\Users\Lenovo\.docker\config.json, configEnv: DOCKER_AUTH_CONFIG). Falling back to docker-java default behaviour. Exception message: Unrecognized token 'credentials': was expecting ('true', 'false' or 'null')
 at [Source: credentials not found in native keychain; line: 1, column: 12]
20:31:24.541 [main] INFO tc.testcontainers/ryuk:0.9.0 -- Container testcontainers/ryuk:0.9.0 is starting: 4c06a17863e7751094ff1554d581fa9e97fecc8cdfbd623ed966099d1009eb0f
20:31:26.300 [main] INFO tc.testcontainers/ryuk:0.9.0 -- Container testcontainers/ryuk:0.9.0 started in PT2.7090694S
20:31:26.315 [main] INFO org.testcontainers.utility.RyukResourceReaper -- Ryuk started - will monitor and terminate Testcontainers containers on JVM exit
20:31:26.316 [main] INFO org.testcontainers.DockerClientFactory -- Checking the system...
20:31:26.316 [main] INFO org.testcontainers.DockerClientFactory -- ?? Docker server version should be at least 1.6.0
20:31:26.317 [main] INFO tc.mongo:4.4.2 -- Creating container for image: mongo:4.4.2
20:31:26.427 [main] INFO tc.mongo:4.4.2 -- Container mongo:4.4.2 is starting: 07e54dcf7ad14e78b6982dd571842d13eacb0a2ea34d3b5cb63bee4913718f1a
20:31:28.210 [main] INFO tc.mongo:4.4.2 -- Container mongo:4.4.2 started in PT1.8930849S
20:31:29.274 [main] INFO org.springframework.boot.devtools.restart.RestartApplicationListener -- Restart disabled due to context in which it is running

  .   ____          _            __ _ _
 /\\ / ___'_ __ _ _(_)_ __  __ _ \ \ \ \
( ( )\___ | '_ | '_| | '_ \/ _` | \ \ \ \
 \\/  ___)| |_)| | | | | || (_| |  ) ) ) )
  '  |____| .__|_| |_|_| |_\__, | / / / /
 =========|_|==============|___/=/_/_/_/

 :: Spring Boot ::                (v3.3.5)

2024-11-09T20:31:29.778+05:30  INFO 8600 --- [product-service] [           main] c.c.p.ProductServiceApplicationTests     : Starting ProductServiceApplicationTests using Java 17.0.11 with PID 8600 (started by Lenovo in C:\My Projects\online_shop\online-shop-microservices\product-service)
2024-11-09T20:31:29.780+05:30  INFO 8600 --- [product-service] [           main] c.c.p.ProductServiceApplicationTests     : No active profile set, falling back to 1 default profile: "default"
2024-11-09T20:31:30.666+05:30  INFO 8600 --- [product-service] [           main] .s.d.r.c.RepositoryConfigurationDelegate : Bootstrapping Spring Data MongoDB repositories in DEFAULT mode.
2024-11-09T20:31:30.742+05:30  INFO 8600 --- [product-service] [           main] .s.d.r.c.RepositoryConfigurationDelegate : Finished Spring Data repository scanning in 67 ms. Found 1 MongoDB repository interface.
2024-11-09T20:31:31.337+05:30  INFO 8600 --- [product-service] [           main] org.mongodb.driver.client                : MongoClient with metadata {"driver": {"name": "mongo-java-driver|sync|spring-boot", "version": "5.0.1"}, "os": {"type": "Windows", "name": "Windows 11", "architecture": "amd64", "version": "10.0"}, "platform": "Java/Oracle Corporation/17.0.11+7-LTS-207"} created with settings MongoClientSettings{readPreference=primary, writeConcern=WriteConcern{w=null, wTimeout=null ms, journal=null}, retryWrites=true, retryReads=true, readConcern=ReadConcern{level=null}, credential=null, transportSettings=null, commandListeners=[], codecRegistry=ProvidersCodecRegistry{codecProviders=[ValueCodecProvider{}, BsonValueCodecProvider{}, DBRefCodecProvider{}, DBObjectCodecProvider{}, DocumentCodecProvider{}, CollectionCodecProvider{}, IterableCodecProvider{}, MapCodecProvider{}, GeoJsonCodecProvider{}, GridFSFileCodecProvider{}, Jsr310CodecProvider{}, JsonObjectCodecProvider{}, BsonCodecProvider{}, EnumCodecProvider{}, com.mongodb.client.model.mql.ExpressionCodecProvider@6d7b2319, com.mongodb.Jep395RecordCodecProvider@acb5508, com.mongodb.KotlinCodecProvider@1f45db49]}, loggerSettings=LoggerSettings{maxDocumentLength=1000}, clusterSettings={hosts=[localhost:55408], srvServiceName=mongodb, mode=SINGLE, requiredClusterType=UNKNOWN, requiredReplicaSetName='null', serverSelector='null', clusterListeners='[]', serverSelectionTimeout='30000 ms', localThreshold='15 ms'}, socketSettings=SocketSettings{connectTimeoutMS=10000, readTimeoutMS=0, receiveBufferSize=0, proxySettings=ProxySettings{host=null, port=null, username=null, password=null}}, heartbeatSocketSettings=SocketSettings{connectTimeoutMS=10000, readTimeoutMS=10000, receiveBufferSize=0, proxySettings=ProxySettings{host=null, port=null, username=null, password=null}}, connectionPoolSettings=ConnectionPoolSettings{maxSize=100, minSize=0, maxWaitTimeMS=120000, maxConnectionLifeTimeMS=0, maxConnectionIdleTimeMS=0, maintenanceInitialDelayMS=0, maintenanceFrequencyMS=60000, connectionPoolListeners=[], maxConnecting=2}, serverSettings=ServerSettings{heartbeatFrequencyMS=10000, minHeartbeatFrequencyMS=500, serverListeners='[]', serverMonitorListeners='[]'}, sslSettings=SslSettings{enabled=false, invalidHostNameAllowed=false, context=null}, applicationName='null', compressorList=[], uuidRepresentation=JAVA_LEGACY, serverApi=null, autoEncryptionSettings=null, dnsClient=null, inetAddressResolver=null, contextProvider=null}
2024-11-09T20:31:31.351+05:30  INFO 8600 --- [product-service] [localhost:55408] org.mongodb.driver.cluster               : Monitor thread successfully connected to server with description ServerDescription{address=localhost:55408, type=REPLICA_SET_PRIMARY, state=CONNECTED, ok=true, minWireVersion=0, maxWireVersion=9, maxDocumentSize=16777216, logicalSessionTimeoutMinutes=30, roundTripTimeNanos=26874900, setName='docker-rs', canonicalAddress=07e54dcf7ad1:27017, hosts=[07e54dcf7ad1:27017], passives=[], arbiters=[], primary='07e54dcf7ad1:27017', tagSet=TagSet{[]}, electionId=7fffffff0000000000000001, setVersion=1, topologyVersion=TopologyVersion{processId=672f7947cb682cf59cdf9e6b, counter=6}, lastWriteDate=Sat Nov 09 20:31:28 IST 2024, lastUpdateTimeNanos=607940264951900}
2024-11-09T20:31:32.444+05:30  INFO 8600 --- [product-service] [           main] o.s.b.t.m.w.SpringBootMockServletContext : Initializing Spring TestDispatcherServlet ''
2024-11-09T20:31:32.444+05:30  INFO 8600 --- [product-service] [           main] o.s.t.web.servlet.TestDispatcherServlet  : Initializing Servlet ''
2024-11-09T20:31:32.446+05:30  INFO 8600 --- [product-service] [           main] o.s.t.web.servlet.TestDispatcherServlet  : Completed initialization in 1 ms
2024-11-09T20:31:32.470+05:30  INFO 8600 --- [product-service] [           main] c.c.p.ProductServiceApplicationTests     : Started ProductServiceApplicationTests in 3.22 seconds (process running for 11.435)
2024-11-09T20:31:33.847+05:30  INFO 8600 --- [product-service] [           main] c.c.p.service.ProductService             : create - Product is null created

MockHttpServletRequest:
      HTTP Method = POST
      Request URI = /api/product
       Parameters = {}
          Headers = [Content-Type:"application/json;charset=UTF-8", Content-Length:"61"]
             Body = {"name":"iphone 15","description":"iphone 15","price":180000}
    Session Attrs = {}

Handler:
             Type = com.chandu.product_service.controller.ProductController
           Method = com.chandu.product_service.controller.ProductController#create(ProductRequest)

Async:
    Async started = false
     Async result = null

Resolved Exception:
             Type = null

ModelAndView:
        View name = null
             View = null
            Model = null

FlashMap:
       Attributes = null

MockHttpServletResponse:
           Status = 200
    Error message = null
          Headers = [Content-Type:"application/json"]
     Content type = application/json
             Body = {"id":"672f794d54ea046d61b09370","name":"iphone 15","description":"iphone 15","price":180000}
    Forwarded URL = null
   Redirected URL = null
          Cookies = []
]]></system-out>
  </testcase>
</testsuite>