# JRE version: Java(TM) SE Runtime Environment (17.0.11+7) (build 17.0.11+7-LTS-207)
# Java VM: Java HotSpot(TM) 64-Bit Server VM (17.0.11+7-LTS-207, mixed mode, sharing, tiered, compressed oops, compressed class ptrs, g1 gc, windows-amd64)
GC Precious Log:
 CPUs: 12 total, 12 available
 Memory: 6005M
 Large Page Support: Disabled
 NUMA Support: Disabled
 Compressed Oops: Enabled (32-bit)
 Heap Region Size: 1M
 Heap Min Capacity: 8M
 Heap Initial Capacity: 94M
 Heap Max Capacity: 1502M
 Pre-touch: Disabled
 Parallel Workers: 10
 Concurrent Workers: 3
 Concurrent Refinement Workers: 10
 Periodic GC: Disabled
Heap:
 garbage-first heap   total 61440K, used 38126K [0x00000000a2200000, 0x0000000100000000)
  region size 1024K, 7 young (7168K), 3 survivors (3072K)
 Metaspace       used 71077K, committed 71616K, reserved 1114112K
  class space    used 9770K, committed 9984K, reserved 1048576K
GC Heap History (20 events):
Event: 11.085 GC heap before
{Heap before GC invocations=6 (full 0):
 garbage-first heap   total 61440K, used 44556K [0x00000000a2200000, 0x0000000100000000)
  region size 1024K, 28 young (28672K), 4 survivors (4096K)
 Metaspace       used 31420K, committed 31936K, reserved 1114112K
  class space    used 4113K, committed 4352K, reserved 1048576K
}
Event: 11.091 GC heap after
{Heap after GC invocations=7 (full 0):
 garbage-first heap   total 61440K, used 21039K [0x00000000a2200000, 0x0000000100000000)
  region size 1024K, 3 young (3072K), 3 survivors (3072K)
 Metaspace       used 31420K, committed 31936K, reserved 1114112K
  class space    used 4113K, committed 4352K, reserved 1048576K
}
Event: 11.759 GC heap before
{Heap before GC invocations=7 (full 0):
 garbage-first heap   total 61440K, used 34351K [0x00000000a2200000, 0x0000000100000000)
  region size 1024K, 17 young (17408K), 3 survivors (3072K)
 Metaspace       used 35524K, committed 35968K, reserved 1114112K
  class space    used 4592K, committed 4800K, reserved 1048576K
}
Event: 11.764 GC heap after
{Heap after GC invocations=8 (full 0):
 garbage-first heap   total 61440K, used 22510K [0x00000000a2200000, 0x0000000100000000)
  region size 1024K, 4 young (4096K), 4 survivors (4096K)
 Metaspace       used 35524K, committed 35968K, reserved 1114112K
  class space    used 4592K, committed 4800K, reserved 1048576K
}
Event: 13.337 GC heap before
{Heap before GC invocations=9 (full 0):
 garbage-first heap   total 61440K, used 44014K [0x00000000a2200000, 0x0000000100000000)
  region size 1024K, 26 young (26624K), 4 survivors (4096K)
 Metaspace       used 42994K, committed 43392K, reserved 1114112K
  class space    used 5571K, committed 5760K, reserved 1048576K
}
Event: 13.343 GC heap after
{Heap after GC invocations=10 (full 0):
 garbage-first heap   total 61440K, used 24127K [0x00000000a2200000, 0x0000000100000000)
  region size 1024K, 4 young (4096K), 4 survivors (4096K)
 Metaspace       used 42994K, committed 43392K, reserved 1114112K
  class space    used 5571K, committed 5760K, reserved 1048576K
}
Event: 14.314 GC heap before
{Heap before GC invocations=10 (full 0):
 garbage-first heap   total 61440K, used 44607K [0x00000000a2200000, 0x0000000100000000)
  region size 1024K, 25 young (25600K), 4 survivors (4096K)
 Metaspace       used 48531K, committed 48960K, reserved 1114112K
  class space    used 6449K, committed 6656K, reserved 1048576K
}
Event: 14.319 GC heap after
{Heap after GC invocations=11 (full 0):
 garbage-first heap   total 61440K, used 25470K [0x00000000a2200000, 0x0000000100000000)
  region size 1024K, 3 young (3072K), 3 survivors (3072K)
 Metaspace       used 48531K, committed 48960K, reserved 1114112K
  class space    used 6449K, committed 6656K, reserved 1048576K
}
Event: 15.158 GC heap before
{Heap before GC invocations=11 (full 0):
 garbage-first heap   total 61440K, used 45950K [0x00000000a2200000, 0x0000000100000000)
  region size 1024K, 24 young (24576K), 3 survivors (3072K)
 Metaspace       used 54988K, committed 55488K, reserved 1114112K
  class space    used 7376K, committed 7616K, reserved 1048576K
}
Event: 15.163 GC heap after
{Heap after GC invocations=12 (full 0):
 garbage-first heap   total 61440K, used 26367K [0x00000000a2200000, 0x0000000100000000)
  region size 1024K, 3 young (3072K), 3 survivors (3072K)
 Metaspace       used 54988K, committed 55488K, reserved 1114112K
  class space    used 7376K, committed 7616K, reserved 1048576K
}
Event: 15.909 GC heap before
{Heap before GC invocations=12 (full 0):
 garbage-first heap   total 61440K, used 45823K [0x00000000a2200000, 0x0000000100000000)
  region size 1024K, 23 young (23552K), 3 survivors (3072K)
 Metaspace       used 59830K, committed 60288K, reserved 1114112K
  class space    used 8152K, committed 8384K, reserved 1048576K
}
Event: 15.914 GC heap after
{Heap after GC invocations=13 (full 0):
 garbage-first heap   total 61440K, used 27521K [0x00000000a2200000, 0x0000000100000000)
  region size 1024K, 3 young (3072K), 3 survivors (3072K)
 Metaspace       used 59830K, committed 60288K, reserved 1114112K
  class space    used 8152K, committed 8384K, reserved 1048576K
}
Event: 16.711 GC heap before
{Heap before GC invocations=14 (full 0):
 garbage-first heap   total 61440K, used 49025K [0x00000000a2200000, 0x0000000100000000)
  region size 1024K, 24 young (24576K), 3 survivors (3072K)
 Metaspace       used 63374K, committed 63872K, reserved 1114112K
  class space    used 8711K, committed 8960K, reserved 1048576K
}
Event: 16.716 GC heap after
{Heap after GC invocations=15 (full 0):
 garbage-first heap   total 61440K, used 29453K [0x00000000a2200000, 0x0000000100000000)
  region size 1024K, 3 young (3072K), 3 survivors (3072K)
 Metaspace       used 63374K, committed 63872K, reserved 1114112K
  class space    used 8711K, committed 8960K, reserved 1048576K
}
Event: 17.313 GC heap before
{Heap before GC invocations=15 (full 0):
 garbage-first heap   total 61440K, used 49933K [0x00000000a2200000, 0x0000000100000000)
  region size 1024K, 23 young (23552K), 3 survivors (3072K)
 Metaspace       used 65915K, committed 66432K, reserved 1114112K
  class space    used 9043K, committed 9280K, reserved 1048576K
}
Event: 17.319 GC heap after
{Heap after GC invocations=16 (full 0):
 garbage-first heap   total 61440K, used 31595K [0x00000000a2200000, 0x0000000100000000)
  region size 1024K, 3 young (3072K), 3 survivors (3072K)
 Metaspace       used 65915K, committed 66432K, reserved 1114112K
  class space    used 9043K, committed 9280K, reserved 1048576K
}
Event: 18.477 GC heap before
{Heap before GC invocations=16 (full 0):
 garbage-first heap   total 61440K, used 49003K [0x00000000a2200000, 0x0000000100000000)
  region size 1024K, 20 young (20480K), 3 survivors (3072K)
 Metaspace       used 67561K, committed 68096K, reserved 1114112K
  class space    used 9269K, committed 9536K, reserved 1048576K
}
Event: 18.482 GC heap after
{Heap after GC invocations=17 (full 0):
 garbage-first heap   total 61440K, used 32825K [0x00000000a2200000, 0x0000000100000000)
  region size 1024K, 2 young (2048K), 2 survivors (2048K)
 Metaspace       used 67561K, committed 68096K, reserved 1114112K
  class space    used 9269K, committed 9536K, reserved 1048576K
}
Event: 19.083 GC heap before
{Heap before GC invocations=18 (full 0):
 garbage-first heap   total 61440K, used 48185K [0x00000000a2200000, 0x0000000100000000)
  region size 1024K, 18 young (18432K), 2 survivors (2048K)
 Metaspace       used 70335K, committed 70848K, reserved 1114112K
  class space    used 9682K, committed 9920K, reserved 1048576K
}
Event: 19.088 GC heap after
{Heap after GC invocations=19 (full 0):
 garbage-first heap   total 61440K, used 35054K [0x00000000a2200000, 0x0000000100000000)
  region size 1024K, 3 young (3072K), 3 survivors (3072K)
 Metaspace       used 70335K, committed 70848K, reserved 1114112K
  class space    used 9682K, committed 9920K, reserved 1048576K
}

