# JRE version: Java(TM) SE Runtime Environment (17.0.11+7) (build 17.0.11+7-LTS-207)
# Java VM: Java HotSpot(TM) 64-Bit Server VM (17.0.11+7-LTS-207, mixed mode, sharing, tiered, compressed oops, compressed class ptrs, g1 gc, windows-amd64)
GC Precious Log:
 CPUs: 12 total, 12 available
 Memory: 6005M
 Large Page Support: Disabled
 NUMA Support: Disabled
 Compressed Oops: Enabled (32-bit)
 Heap Region Size: 1M
 Heap Min Capacity: 8M
 Heap Initial Capacity: 94M
 Heap Max Capacity: 1502M
 Pre-touch: Disabled
 Parallel Workers: 10
 Concurrent Workers: 3
 Concurrent Refinement Workers: 10
 Periodic GC: Disabled
Heap:
 garbage-first heap   total 61440K, used 31288K [0x00000000a2200000, 0x0000000100000000)
  region size 1024K, 12 young (12288K), 3 survivors (3072K)
 Metaspace       used 35034K, committed 35520K, reserved 1114112K
  class space    used 4434K, committed 4672K, reserved 1048576K
GC Heap History (18 events):
Event: 7.701 GC heap before
{Heap before GC invocations=0 (full 0):
 garbage-first heap   total 96256K, used 25600K [0x00000000a2200000, 0x0000000100000000)
  region size 1024K, 23 young (23552K), 0 survivors (0K)
 Metaspace       used 3836K, committed 3968K, reserved 1114112K
  class space    used 393K, committed 448K, reserved 1048576K
}
Event: 7.719 GC heap after
{Heap after GC invocations=1 (full 0):
 garbage-first heap   total 96256K, used 9702K [0x00000000a2200000, 0x0000000100000000)
  region size 1024K, 3 young (3072K), 3 survivors (3072K)
 Metaspace       used 3836K, committed 3968K, reserved 1114112K
  class space    used 393K, committed 448K, reserved 1048576K
}
Event: 10.749 GC heap before
{Heap before GC invocations=1 (full 0):
 garbage-first heap   total 96256K, used 33254K [0x00000000a2200000, 0x0000000100000000)
  region size 1024K, 27 young (27648K), 3 survivors (3072K)
 Metaspace       used 8978K, committed 9216K, reserved 1114112K
  class space    used 1090K, committed 1216K, reserved 1048576K
}
Event: 10.763 GC heap after
{Heap after GC invocations=2 (full 0):
 garbage-first heap   total 96256K, used 11264K [0x00000000a2200000, 0x0000000100000000)
  region size 1024K, 2 young (2048K), 2 survivors (2048K)
 Metaspace       used 8978K, committed 9216K, reserved 1114112K
  class space    used 1090K, committed 1216K, reserved 1048576K
}
Event: 13.460 GC heap before
{Heap before GC invocations=2 (full 0):
 garbage-first heap   total 96256K, used 58368K [0x00000000a2200000, 0x0000000100000000)
  region size 1024K, 49 young (50176K), 2 survivors (2048K)
 Metaspace       used 18122K, committed 18304K, reserved 1114112K
  class space    used 2210K, committed 2304K, reserved 1048576K
}
Event: 13.470 GC heap after
{Heap after GC invocations=3 (full 0):
 garbage-first heap   total 96256K, used 14441K [0x00000000a2200000, 0x0000000100000000)
  region size 1024K, 5 young (5120K), 5 survivors (5120K)
 Metaspace       used 18122K, committed 18304K, reserved 1114112K
  class space    used 2210K, committed 2304K, reserved 1048576K
}
Event: 15.773 GC heap before
{Heap before GC invocations=3 (full 0):
 garbage-first heap   total 96256K, used 47209K [0x00000000a2200000, 0x0000000100000000)
  region size 1024K, 38 young (38912K), 5 survivors (5120K)
 Metaspace       used 21239K, committed 21504K, reserved 1114112K
  class space    used 2542K, committed 2688K, reserved 1048576K
}
Event: 15.787 GC heap after
{Heap after GC invocations=4 (full 0):
 garbage-first heap   total 96256K, used 17256K [0x00000000a2200000, 0x0000000100000000)
  region size 1024K, 6 young (6144K), 6 survivors (6144K)
 Metaspace       used 21239K, committed 21504K, reserved 1114112K
  class space    used 2542K, committed 2688K, reserved 1048576K
}
Event: 18.782 GC heap before
{Heap before GC invocations=5 (full 0):
 garbage-first heap   total 61440K, used 46952K [0x00000000a2200000, 0x0000000100000000)
  region size 1024K, 36 young (36864K), 6 survivors (6144K)
 Metaspace       used 25194K, committed 25472K, reserved 1114112K
  class space    used 3212K, committed 3328K, reserved 1048576K
}
Event: 18.797 GC heap after
{Heap after GC invocations=6 (full 0):
 garbage-first heap   total 61440K, used 19255K [0x00000000a2200000, 0x0000000100000000)
  region size 1024K, 3 young (3072K), 3 survivors (3072K)
 Metaspace       used 25194K, committed 25472K, reserved 1114112K
  class space    used 3212K, committed 3328K, reserved 1048576K
}
Event: 19.051 GC heap before
{Heap before GC invocations=6 (full 0):
 garbage-first heap   total 61440K, used 20279K [0x00000000a2200000, 0x0000000100000000)
  region size 1024K, 4 young (4096K), 3 survivors (3072K)
 Metaspace       used 25264K, committed 25536K, reserved 1114112K
  class space    used 3223K, committed 3328K, reserved 1048576K
}
Event: 19.064 GC heap after
{Heap after GC invocations=7 (full 0):
 garbage-first heap   total 61440K, used 18879K [0x00000000a2200000, 0x0000000100000000)
  region size 1024K, 1 young (1024K), 1 survivors (1024K)
 Metaspace       used 25264K, committed 25536K, reserved 1114112K
  class space    used 3223K, committed 3328K, reserved 1048576K
}
Event: 21.027 GC heap before
{Heap before GC invocations=7 (full 0):
 garbage-first heap   total 61440K, used 43455K [0x00000000a2200000, 0x0000000100000000)
  region size 1024K, 26 young (26624K), 1 survivors (1024K)
 Metaspace       used 28040K, committed 28416K, reserved 1114112K
  class space    used 3584K, committed 3776K, reserved 1048576K
}
Event: 21.041 GC heap after
{Heap after GC invocations=8 (full 0):
 garbage-first heap   total 61440K, used 20281K [0x00000000a2200000, 0x0000000100000000)
  region size 1024K, 2 young (2048K), 2 survivors (2048K)
 Metaspace       used 28040K, committed 28416K, reserved 1114112K
  class space    used 3584K, committed 3776K, reserved 1048576K
}
Event: 23.911 GC heap before
{Heap before GC invocations=8 (full 0):
 garbage-first heap   total 61440K, used 44857K [0x00000000a2200000, 0x0000000100000000)
  region size 1024K, 27 young (27648K), 2 survivors (2048K)
 Metaspace       used 31803K, committed 32192K, reserved 1114112K
  class space    used 4027K, committed 4224K, reserved 1048576K
}
Event: 23.926 GC heap after
{Heap after GC invocations=9 (full 0):
 garbage-first heap   total 61440K, used 21756K [0x00000000a2200000, 0x0000000100000000)
  region size 1024K, 4 young (4096K), 4 survivors (4096K)
 Metaspace       used 31803K, committed 32192K, reserved 1114112K
  class space    used 4027K, committed 4224K, reserved 1048576K
}
Event: 25.601 GC heap before
{Heap before GC invocations=9 (full 0):
 garbage-first heap   total 61440K, used 46332K [0x00000000a2200000, 0x0000000100000000)
  region size 1024K, 28 young (28672K), 4 survivors (4096K)
 Metaspace       used 33912K, committed 34304K, reserved 1114112K
  class space    used 4308K, committed 4480K, reserved 1048576K
}
Event: 25.619 GC heap after
{Heap after GC invocations=10 (full 0):
 garbage-first heap   total 61440K, used 23096K [0x00000000a2200000, 0x0000000100000000)
  region size 1024K, 3 young (3072K), 3 survivors (3072K)
 Metaspace       used 33912K, committed 34304K, reserved 1114112K
  class space    used 4308K, committed 4480K, reserved 1048576K
}

